# JRE version: OpenJDK Runtime Environment Temurin-17.0.10+7 (17.0.10+7) (build 17.0.10+7)
# Java VM: OpenJDK 64-Bit Server VM Temurin-17.0.10+7 (17.0.10+7, mixed mode, emulated-client, tiered, compressed oops, compressed class ptrs, g1 gc, windows-amd64)
GC Precious Log:
 CPUs: 4 total, 4 available
 Memory: 7914M
 Large Page Support: Disabled
 NUMA Support: Disabled
 Compressed Oops: Enabled (32-bit)
 Heap Region Size: 1M
 Heap Min Capacity: 8M
 Heap Initial Capacity: 124M
 Heap Max Capacity: 1980M
 Pre-touch: Disabled
 Parallel Workers: 4
 Concurrent Workers: 1
 Concurrent Refinement Workers: 4
 Periodic GC: Disabled
Heap:
 garbage-first heap   total 86016K, used 50999K [0x0000000084400000, 0x0000000100000000)
  region size 1024K, 22 young (22528K), 2 survivors (2048K)
 Metaspace       used 77520K, committed 78400K, reserved 1179648K
  class space    used 10605K, committed 11008K, reserved 1048576K
GC Heap History (20 events):
Event: 1624.620 GC heap before
{Heap before GC invocations=41 (full 5):
 garbage-first heap   total 86016K, used 67065K [0x0000000084400000, 0x0000000100000000)
  region size 1024K, 42 young (43008K), 2 survivors (2048K)
 Metaspace       used 75148K, committed 75840K, reserved 1179648K
  class space    used 10187K, committed 10496K, reserved 1048576K
}
Event: 1624.678 GC heap after
{Heap after GC invocations=42 (full 5):
 garbage-first heap   total 86016K, used 27907K [0x0000000084400000, 0x0000000100000000)
  region size 1024K, 3 young (3072K), 3 survivors (3072K)
 Metaspace       used 75148K, committed 75840K, reserved 1179648K
  class space    used 10187K, committed 10496K, reserved 1048576K
}
Event: 1684.554 GC heap before
{Heap before GC invocations=42 (full 5):
 garbage-first heap   total 86016K, used 67843K [0x0000000084400000, 0x0000000100000000)
  region size 1024K, 42 young (43008K), 3 survivors (3072K)
 Metaspace       used 75159K, committed 75840K, reserved 1179648K
  class space    used 10190K, committed 10496K, reserved 1048576K
}
Event: 1684.566 GC heap after
{Heap after GC invocations=43 (full 5):
 garbage-first heap   total 86016K, used 28466K [0x0000000084400000, 0x0000000100000000)
  region size 1024K, 3 young (3072K), 3 survivors (3072K)
 Metaspace       used 75159K, committed 75840K, reserved 1179648K
  class space    used 10190K, committed 10496K, reserved 1048576K
}
Event: 1701.949 GC heap before
{Heap before GC invocations=43 (full 5):
 garbage-first heap   total 86016K, used 67378K [0x0000000084400000, 0x0000000100000000)
  region size 1024K, 42 young (43008K), 3 survivors (3072K)
 Metaspace       used 75217K, committed 75904K, reserved 1179648K
  class space    used 10198K, committed 10496K, reserved 1048576K
}
Event: 1701.960 GC heap after
{Heap after GC invocations=44 (full 5):
 garbage-first heap   total 86016K, used 28349K [0x0000000084400000, 0x0000000100000000)
  region size 1024K, 3 young (3072K), 3 survivors (3072K)
 Metaspace       used 75217K, committed 75904K, reserved 1179648K
  class space    used 10198K, committed 10496K, reserved 1048576K
}
Event: 1732.437 GC heap before
{Heap before GC invocations=44 (full 5):
 garbage-first heap   total 86016K, used 67261K [0x0000000084400000, 0x0000000100000000)
  region size 1024K, 42 young (43008K), 3 survivors (3072K)
 Metaspace       used 75265K, committed 75904K, reserved 1179648K
  class space    used 10204K, committed 10496K, reserved 1048576K
}
Event: 1732.449 GC heap after
{Heap after GC invocations=45 (full 5):
 garbage-first heap   total 86016K, used 28103K [0x0000000084400000, 0x0000000100000000)
  region size 1024K, 3 young (3072K), 3 survivors (3072K)
 Metaspace       used 75265K, committed 75904K, reserved 1179648K
  class space    used 10204K, committed 10496K, reserved 1048576K
}
Event: 1765.841 GC heap before
{Heap before GC invocations=45 (full 5):
 garbage-first heap   total 86016K, used 67015K [0x0000000084400000, 0x0000000100000000)
  region size 1024K, 42 young (43008K), 3 survivors (3072K)
 Metaspace       used 75326K, committed 75968K, reserved 1179648K
  class space    used 10214K, committed 10496K, reserved 1048576K
}
Event: 1765.878 GC heap after
{Heap after GC invocations=46 (full 5):
 garbage-first heap   total 86016K, used 27402K [0x0000000084400000, 0x0000000100000000)
  region size 1024K, 2 young (2048K), 2 survivors (2048K)
 Metaspace       used 75326K, committed 75968K, reserved 1179648K
  class space    used 10214K, committed 10496K, reserved 1048576K
}
Event: 1785.894 GC heap before
{Heap before GC invocations=46 (full 5):
 garbage-first heap   total 86016K, used 67338K [0x0000000084400000, 0x0000000100000000)
  region size 1024K, 42 young (43008K), 2 survivors (2048K)
 Metaspace       used 75595K, committed 76352K, reserved 1179648K
  class space    used 10278K, committed 10624K, reserved 1048576K
}
Event: 1785.907 GC heap after
{Heap after GC invocations=47 (full 5):
 garbage-first heap   total 86016K, used 28188K [0x0000000084400000, 0x0000000100000000)
  region size 1024K, 3 young (3072K), 3 survivors (3072K)
 Metaspace       used 75595K, committed 76352K, reserved 1179648K
  class space    used 10278K, committed 10624K, reserved 1048576K
}
Event: 1896.780 GC heap before
{Heap before GC invocations=47 (full 5):
 garbage-first heap   total 86016K, used 68124K [0x0000000084400000, 0x0000000100000000)
  region size 1024K, 42 young (43008K), 3 survivors (3072K)
 Metaspace       used 75613K, committed 76352K, reserved 1179648K
  class space    used 10281K, committed 10624K, reserved 1048576K
}
Event: 1896.799 GC heap after
{Heap after GC invocations=48 (full 5):
 garbage-first heap   total 86016K, used 28156K [0x0000000084400000, 0x0000000100000000)
  region size 1024K, 3 young (3072K), 3 survivors (3072K)
 Metaspace       used 75613K, committed 76352K, reserved 1179648K
  class space    used 10281K, committed 10624K, reserved 1048576K
}
Event: 1936.397 GC heap before
{Heap before GC invocations=48 (full 5):
 garbage-first heap   total 86016K, used 68092K [0x0000000084400000, 0x0000000100000000)
  region size 1024K, 42 young (43008K), 3 survivors (3072K)
 Metaspace       used 75862K, committed 76672K, reserved 1179648K
  class space    used 10321K, committed 10688K, reserved 1048576K
}
Event: 1936.426 GC heap after
{Heap after GC invocations=49 (full 5):
 garbage-first heap   total 86016K, used 27809K [0x0000000084400000, 0x0000000100000000)
  region size 1024K, 3 young (3072K), 3 survivors (3072K)
 Metaspace       used 75862K, committed 76672K, reserved 1179648K
  class space    used 10321K, committed 10688K, reserved 1048576K
}
Event: 1938.679 GC heap before
{Heap before GC invocations=49 (full 5):
 garbage-first heap   total 86016K, used 67745K [0x0000000084400000, 0x0000000100000000)
  region size 1024K, 43 young (44032K), 3 survivors (3072K)
 Metaspace       used 76711K, committed 77632K, reserved 1179648K
  class space    used 10451K, committed 10880K, reserved 1048576K
}
Event: 1938.698 GC heap after
{Heap after GC invocations=50 (full 5):
 garbage-first heap   total 86016K, used 30842K [0x0000000084400000, 0x0000000100000000)
  region size 1024K, 6 young (6144K), 6 survivors (6144K)
 Metaspace       used 76711K, committed 77632K, reserved 1179648K
  class space    used 10451K, committed 10880K, reserved 1048576K
}
Event: 1999.440 GC heap before
{Heap before GC invocations=50 (full 5):
 garbage-first heap   total 86016K, used 66682K [0x0000000084400000, 0x0000000100000000)
  region size 1024K, 41 young (41984K), 6 survivors (6144K)
 Metaspace       used 77517K, committed 78400K, reserved 1179648K
  class space    used 10605K, committed 11008K, reserved 1048576K
}
Event: 1999.584 GC heap after
{Heap after GC invocations=51 (full 5):
 garbage-first heap   total 86016K, used 31543K [0x0000000084400000, 0x0000000100000000)
  region size 1024K, 2 young (2048K), 2 survivors (2048K)
 Metaspace       used 77517K, committed 78400K, reserved 1179648K
  class space    used 10605K, committed 11008K, reserved 1048576K
}

